<?xml version="1.0" encoding="UTF-8"?>
<!-- Generated by org.testng.reporters.JUnitReportReporter -->
<testsuite skipped="0" hostname="Swapnil" name="com.upgrade.credapi.Web_UI_Validations" tests="2" failures="0" timestamp="2020-09-29T23:14:45 IST" time="37.559" errors="0">
  <testcase name="test2" time="36.697" classname="com.upgrade.credapi.Web_UI_Validations"/>
  <system-out/>
  <testcase name="test1" time="0.862" classname="com.upgrade.credapi.Web_UI_Validations"/>
  <system-out/>
</testsuite> <!-- com.upgrade.credapi.Web_UI_Validations -->
