<?xml version="1.0" encoding="UTF-8"?>
<!-- Generated by org.testng.reporters.JUnitReportReporter -->
<testsuite skipped="0" hostname="Swapnil" name="com.upgrade.utils.ExcelUtils" tests="2" failures="0" timestamp="2020-09-28T19:11:32 IST" time="0.959" errors="0">
  <testcase name="getRowCount" time="0.072" classname="com.upgrade.utils.ExcelUtils"/>
  <system-out/>
  <testcase name="getCellData" time="0.887" classname="com.upgrade.utils.ExcelUtils"/>
  <system-out/>
</testsuite> <!-- com.upgrade.utils.ExcelUtils -->
