<?xml version="1.0" encoding="UTF-8"?>
<!-- Generated by org.testng.reporters.JUnitReportReporter -->
<testsuite skipped="0" hostname="Swapnil" name="com.upgrade.utils.ExcelUtilsTest" tests="1" failures="0" timestamp="2020-09-29T00:24:47 IST" time="1.784" errors="0">
  <testcase name="MethodTest" time="1.784" classname="com.upgrade.utils.ExcelUtilsTest"/>
  <system-out/>
</testsuite> <!-- com.upgrade.utils.ExcelUtilsTest -->
