<?xml version="1.0" encoding="UTF-8"?>
<!-- Generated by org.testng.reporters.JUnitReportReporter -->
<testsuite skipped="0" hostname="Swapnil" name="com.upgrade.credapi.API_Validations" tests="3" failures="0" timestamp="2020-09-29T23:14:45 IST" time="17.620" errors="0">
  <testcase name="validAuthenticationTest" time="13.054" classname="com.upgrade.credapi.API_Validations"/>
  <system-out/>
  <testcase name="validateAttribute" time="2.188" classname="com.upgrade.credapi.API_Validations"/>
  <system-out/>
  <testcase name="inValidAuthenticationTest" time="2.378" classname="com.upgrade.credapi.API_Validations"/>
  <system-out/>
</testsuite> <!-- com.upgrade.credapi.API_Validations -->
